Sign,Buy,Interact,"Friday, July 29, 2016 6:29:54 PM CDT","Sergeant_Dave",50000,money,$,"Sergeant_Dave",1,TNT,0,"world_shop",0,10,-17,
Sign,Buy,Interact,"Friday, July 29, 2016 6:29:55 PM CDT","Sergeant_Dave",50000,money,$,"Sergeant_Dave",1,TNT,0,"world_shop",0,10,-17,
Sign,Buy,Interact,"Friday, July 29, 2016 6:29:55 PM CDT","Sergeant_Dave",50000,money,$,"Sergeant_Dave",1,TNT,0,"world_shop",0,10,-17,
Sign,Buy,Interact,"Friday, July 29, 2016 6:29:55 PM CDT","Sergeant_Dave",50000,money,$,"Sergeant_Dave",1,TNT,0,"world_shop",0,10,-17,
Sign,Buy,Interact,"Friday, July 29, 2016 6:29:56 PM CDT","Sergeant_Dave",50000,money,$,"Sergeant_Dave",1,TNT,0,"world_shop",0,10,-17,
Sign,Buy,Interact,"Friday, July 29, 2016 6:29:56 PM CDT","Sergeant_Dave",50000,money,$,"Sergeant_Dave",1,TNT,0,"world_shop",0,10,-17,
Sign,Buy,Interact,"Friday, July 29, 2016 6:29:57 PM CDT","Sergeant_Dave",50000,money,$,"Sergeant_Dave",1,TNT,0,"world_shop",0,10,-17,
Sign,Sell,Interact,"Friday, July 29, 2016 6:30:29 PM CDT","Sergeant_Dave",1,TNT,0,"Sergeant_Dave",30000,money,$,"world_shop",0,8,-17,
Sign,Sell,Interact,"Friday, July 29, 2016 6:30:30 PM CDT","Sergeant_Dave",1,TNT,0,"Sergeant_Dave",30000,money,$,"world_shop",0,8,-17,
Sign,Sell,Interact,"Friday, July 29, 2016 6:30:31 PM CDT","Sergeant_Dave",1,TNT,0,"Sergeant_Dave",30000,money,$,"world_shop",0,8,-17,
Sign,Sell,Interact,"Friday, July 29, 2016 6:30:31 PM CDT","Sergeant_Dave",1,TNT,0,"Sergeant_Dave",30000,money,$,"world_shop",0,8,-17,
Sign,Sell,Interact,"Friday, July 29, 2016 6:30:31 PM CDT","Sergeant_Dave",1,TNT,0,"Sergeant_Dave",30000,money,$,"world_shop",0,8,-17,
Sign,Sell,Interact,"Friday, July 29, 2016 6:30:32 PM CDT","Sergeant_Dave",1,TNT,0,"Sergeant_Dave",30000,money,$,"world_shop",0,8,-17,
Sign,Sell,Interact,"Friday, July 29, 2016 6:30:32 PM CDT","Sergeant_Dave",1,TNT,0,"Sergeant_Dave",30000,money,$,"world_shop",0,8,-17,
Sign,Sell,Interact,"Friday, July 29, 2016 6:30:32 PM CDT","Sergeant_Dave",1,TNT,0,"Sergeant_Dave",30000,money,$,"world_shop",0,8,-17,
Sign,Buy,Interact,"Friday, July 29, 2016 6:31:58 PM CDT","Sergeant_Dave",10000,money,$,"Sergeant_Dave",1,DIAMOND_HELMET,0,"world_shop",-1,10,-10,
Sign,Buy,Interact,"Friday, July 29, 2016 6:32:28 PM CDT","Sergeant_Dave",20000,money,$,"Sergeant_Dave",1,DIAMOND_HELMET,0,"world_shop",-1,10,-10,
Sign,Sell,Interact,"Friday, July 29, 2016 6:33:33 PM CDT","Sergeant_Dave",1,DIAMOND_HELMET,0,"Sergeant_Dave",10000,money,$,"world_shop",-1,8,-10,
Sign,Sell,Interact,"Friday, July 29, 2016 6:33:34 PM CDT","Sergeant_Dave",1,DIAMOND_HELMET,0,"Sergeant_Dave",10000,money,$,"world_shop",-1,8,-10,
Sign,Sell,Interact,"Friday, July 29, 2016 6:33:34 PM CDT","Sergeant_Dave",1,DIAMOND_HELMET,0,"Sergeant_Dave",10000,money,$,"world_shop",-1,8,-10,
Sign,Sell,Interact,"Friday, July 29, 2016 6:34:48 PM CDT","Sergeant_Dave",1,DIAMOND_CHESTPLATE,0,"Sergeant_Dave",20000,money,$,"world_shop",-1,8,-12,
Sign,Buy,Interact,"Friday, July 29, 2016 6:42:24 PM CDT","Sergeant_Dave",50000,money,$,"Sergeant_Dave",1,TNT,0,"world_shop",0,10,-17,
Sign,Buy,Interact,"Friday, July 29, 2016 6:42:24 PM CDT","Sergeant_Dave",50000,money,$,"Sergeant_Dave",1,TNT,0,"world_shop",0,10,-17,
Sign,Buy,Interact,"Friday, July 29, 2016 6:42:25 PM CDT","Sergeant_Dave",50000,money,$,"Sergeant_Dave",1,TNT,0,"world_shop",0,10,-17,
Sign,Sell,Interact,"Friday, July 29, 2016 6:42:26 PM CDT","Sergeant_Dave",1,TNT,0,"Sergeant_Dave",30000,money,$,"world_shop",0,8,-17,
Sign,Sell,Interact,"Friday, July 29, 2016 6:42:26 PM CDT","Sergeant_Dave",1,TNT,0,"Sergeant_Dave",30000,money,$,"world_shop",0,8,-17,
Sign,Sell,Interact,"Friday, July 29, 2016 6:42:26 PM CDT","Sergeant_Dave",1,TNT,0,"Sergeant_Dave",30000,money,$,"world_shop",0,8,-17,
Sign,Buy,Interact,"Friday, July 29, 2016 6:43:53 PM CDT","Sergeant_Dave",3200000,money,$,"Sergeant_Dave",64,TNT,0,"world_shop",0,11,-16,
Sign,Buy,Interact,"Friday, July 29, 2016 6:43:54 PM CDT","Sergeant_Dave",3200000,money,$,"Sergeant_Dave",64,TNT,0,"world_shop",0,11,-16,
Sign,Buy,Interact,"Friday, July 29, 2016 6:43:54 PM CDT","Sergeant_Dave",3200000,money,$,"Sergeant_Dave",64,TNT,0,"world_shop",0,11,-16,
Sign,Buy,Interact,"Friday, July 29, 2016 6:43:55 PM CDT","Sergeant_Dave",3200000,money,$,"Sergeant_Dave",64,TNT,0,"world_shop",0,11,-16,
Sign,Buy,Interact,"Friday, July 29, 2016 6:43:55 PM CDT","Sergeant_Dave",3200000,money,$,"Sergeant_Dave",64,TNT,0,"world_shop",0,11,-16,
Sign,Buy,Interact,"Friday, July 29, 2016 6:43:55 PM CDT","Sergeant_Dave",3200000,money,$,"Sergeant_Dave",64,TNT,0,"world_shop",0,11,-16,
Sign,Buy,Interact,"Friday, July 29, 2016 6:43:56 PM CDT","Sergeant_Dave",3200000,money,$,"Sergeant_Dave",64,TNT,0,"world_shop",0,11,-16,
Sign,Buy,Interact,"Friday, July 29, 2016 6:43:56 PM CDT","Sergeant_Dave",3200000,money,$,"Sergeant_Dave",64,TNT,0,"world_shop",0,11,-16,
Sign,Buy,Interact,"Friday, July 29, 2016 6:43:56 PM CDT","Sergeant_Dave",3200000,money,$,"Sergeant_Dave",64,TNT,0,"world_shop",0,11,-16,
Sign,Buy,Interact,"Friday, July 29, 2016 6:43:57 PM CDT","Sergeant_Dave",3200000,money,$,"Sergeant_Dave",64,TNT,0,"world_shop",0,11,-16,
Sign,Buy,Interact,"Friday, July 29, 2016 6:43:57 PM CDT","Sergeant_Dave",3200000,money,$,"Sergeant_Dave",64,TNT,0,"world_shop",0,11,-16,
Sign,Buy,Interact,"Friday, July 29, 2016 6:43:58 PM CDT","Sergeant_Dave",3200000,money,$,"Sergeant_Dave",64,TNT,0,"world_shop",0,11,-16,
Sign,Buy,Interact,"Friday, July 29, 2016 6:43:58 PM CDT","Sergeant_Dave",3200000,money,$,"Sergeant_Dave",64,TNT,0,"world_shop",0,11,-16,
Sign,Buy,Interact,"Friday, July 29, 2016 6:43:59 PM CDT","Sergeant_Dave",3200000,money,$,"Sergeant_Dave",64,TNT,0,"world_shop",0,11,-16,
Sign,Buy,Interact,"Friday, July 29, 2016 6:43:59 PM CDT","Sergeant_Dave",3200000,money,$,"Sergeant_Dave",64,TNT,0,"world_shop",0,11,-16,
Sign,Buy,Interact,"Friday, July 29, 2016 6:44:00 PM CDT","Sergeant_Dave",3200000,money,$,"Sergeant_Dave",64,TNT,0,"world_shop",0,11,-16,
Sign,Buy,Interact,"Friday, July 29, 2016 6:44:00 PM CDT","Sergeant_Dave",3200000,money,$,"Sergeant_Dave",64,TNT,0,"world_shop",0,11,-16,
Sign,Buy,Interact,"Friday, July 29, 2016 6:44:00 PM CDT","Sergeant_Dave",3200000,money,$,"Sergeant_Dave",64,TNT,0,"world_shop",0,11,-16,
Sign,Buy,Interact,"Friday, July 29, 2016 6:44:01 PM CDT","Sergeant_Dave",3200000,money,$,"Sergeant_Dave",64,TNT,0,"world_shop",0,11,-16,
Sign,Buy,Interact,"Friday, July 29, 2016 6:44:01 PM CDT","Sergeant_Dave",3200000,money,$,"Sergeant_Dave",64,TNT,0,"world_shop",0,11,-16,
Sign,Buy,Interact,"Friday, July 29, 2016 6:44:02 PM CDT","Sergeant_Dave",3200000,money,$,"Sergeant_Dave",64,TNT,0,"world_shop",0,11,-16,
Sign,Buy,Interact,"Friday, July 29, 2016 6:44:02 PM CDT","Sergeant_Dave",3200000,money,$,"Sergeant_Dave",64,TNT,0,"world_shop",0,11,-16,
Sign,Buy,Interact,"Friday, July 29, 2016 6:44:04 PM CDT","Sergeant_Dave",3200000,money,$,"Sergeant_Dave",64,TNT,0,"world_shop",0,11,-16,
Sign,Buy,Interact,"Friday, July 29, 2016 6:44:04 PM CDT","Sergeant_Dave",3200000,money,$,"Sergeant_Dave",64,TNT,0,"world_shop",0,11,-16,
Sign,Buy,Interact,"Friday, July 29, 2016 6:44:05 PM CDT","Sergeant_Dave",3200000,money,$,"Sergeant_Dave",64,TNT,0,"world_shop",0,11,-16,
Sign,Buy,Interact,"Friday, July 29, 2016 6:44:05 PM CDT","Sergeant_Dave",3200000,money,$,"Sergeant_Dave",64,TNT,0,"world_shop",0,11,-16,
Sign,Buy,Interact,"Friday, July 29, 2016 6:44:05 PM CDT","Sergeant_Dave",3200000,money,$,"Sergeant_Dave",64,TNT,0,"world_shop",0,11,-16,
Sign,Buy,Interact,"Friday, July 29, 2016 6:44:06 PM CDT","Sergeant_Dave",3200000,money,$,"Sergeant_Dave",64,TNT,0,"world_shop",0,11,-16,
Sign,Buy,Interact,"Friday, July 29, 2016 6:44:06 PM CDT","Sergeant_Dave",3200000,money,$,"Sergeant_Dave",64,TNT,0,"world_shop",0,11,-16,
Sign,Buy,Interact,"Friday, July 29, 2016 6:44:06 PM CDT","Sergeant_Dave",3200000,money,$,"Sergeant_Dave",64,TNT,0,"world_shop",0,11,-16,
Sign,Buy,Interact,"Friday, July 29, 2016 6:44:07 PM CDT","Sergeant_Dave",3200000,money,$,"Sergeant_Dave",64,TNT,0,"world_shop",0,11,-16,
Sign,Buy,Interact,"Friday, July 29, 2016 6:44:07 PM CDT","Sergeant_Dave",3200000,money,$,"Sergeant_Dave",64,TNT,0,"world_shop",0,11,-16,
Sign,Buy,Interact,"Friday, July 29, 2016 6:44:07 PM CDT","Sergeant_Dave",3200000,money,$,"Sergeant_Dave",64,TNT,0,"world_shop",0,11,-16,
Sign,Buy,Interact,"Friday, July 29, 2016 6:44:08 PM CDT","Sergeant_Dave",3200000,money,$,"Sergeant_Dave",64,TNT,0,"world_shop",0,11,-16,
Sign,Buy,Interact,"Friday, July 29, 2016 6:44:08 PM CDT","Sergeant_Dave",3200000,money,$,"Sergeant_Dave",64,TNT,0,"world_shop",0,11,-16,
Sign,Buy,Interact,"Friday, July 29, 2016 6:44:09 PM CDT","Sergeant_Dave",3200000,money,$,"Sergeant_Dave",64,TNT,0,"world_shop",0,11,-16,
Sign,Buy,Interact,"Friday, July 29, 2016 6:44:09 PM CDT","Sergeant_Dave",3200000,money,$,"Sergeant_Dave",64,TNT,0,"world_shop",0,11,-16,
Sign,Buy,Interact,"Friday, July 29, 2016 6:44:10 PM CDT","Sergeant_Dave",3200000,money,$,"Sergeant_Dave",64,TNT,0,"world_shop",0,11,-16,
Sign,Buy,Interact,"Friday, July 29, 2016 6:44:14 PM CDT","Sergeant_Dave",3200000,money,$,"Sergeant_Dave",64,TNT,0,"world_shop",0,11,-16,
Sign,Buy,Interact,"Friday, July 29, 2016 6:44:14 PM CDT","Sergeant_Dave",3200000,money,$,"Sergeant_Dave",64,TNT,0,"world_shop",0,11,-16,
